<?xml version="1.0" encoding="utf-8"?><testsuites><testsuite name="pytest" errors="0" failures="0" skipped="0" tests="5" time="2.081" timestamp="2026-05-01T12:21:25.746211" hostname="PcRicardo"><testcase classname="tests.test_telegram" name="test_sprint_zero_environment" time="0.001" /><testcase classname="tests.test_telegram" name="test_start" time="0.003" /><testcase classname="tests.test_telegram" name="test_handle_action_menu_help" time="0.002" /><testcase classname="tests.test_telegram" name="test_guardar_fecha_en_contexto" time="1.424" /><testcase classname="tests.test_telegram" name="test_2" time="0.000" /></testsuite></testsuites>